2012-08-02 09:38:10 WARN: http://gw.api.tbsandbox.com/router/rest?article_code=ts-12485&nick=sandbox_c_1&method=taobao.vas.subscribe.get&v=2.0&app_key=1012306090&format=json&partner_id=top-sdk-net-20120801&timestamp=2012-08-02+09%3a38%3a09&sign=06136EC3675F251DEE26AE645C015B1F
{"error_response":{"code":15,"msg":"Remote service error","sub_code":"isp.top-remote-connection-error"}}
2012-08-02 10:10:17 WARN: http://gw.api.tbsandbox.com/router/rest?article_code=ts-12485&nick=sandbox_c_1&method=taobao.vas.subscribe.get&v=2.0&app_key=1012306090&format=json&partner_id=top-sdk-net-20120801&timestamp=2012-08-02+10%3a10%3a17&sign=03D876DE50A08C2CCEF957D582772E89
{"error_response":{"code":15,"msg":"Remote service error","sub_code":"isp.top-remote-connection-error"}}
2012-08-02 10:46:27 WARN: http://gw.api.tbsandbox.com/router/rest?article_code=ts-12485&nick=sandbox_c_1&method=taobao.vas.subscribe.get&v=2.0&app_key=1012306090&format=json&partner_id=top-sdk-net-20120801&timestamp=2012-08-02+10%3a46%3a27&sign=3BB3036066C7A8B496FE81D6CD3D6EA6
{"error_response":{"code":15,"msg":"Remote service error","sub_code":"isp.top-remote-connection-error"}}
2012-08-02 12:19:54 WARN: http://gw.api.tbsandbox.com/router/rest?article_code=ts-12485&nick=sandbox_c_1&method=taobao.vas.subscribe.get&v=2.0&app_key=1012306090&format=json&partner_id=top-sdk-net-20120801&timestamp=2012-08-02+12%3a19%3a54&sign=E410166BBF9B79B6E23A358D1FA68F09
{"error_response":{"code":15,"msg":"Remote service error","sub_code":"isp.top-remote-connection-error"}}
{"error":"redirect_uri_mismatch","error_code":21322,"request":"/oauth2/access_token","error_uri":"/oauth2/access_token"}
2012-08-02 12:24:30 WARN: http://gw.api.tbsandbox.com/router/rest?article_code=ts-12485&nick=sandbox_c_1&method=taobao.vas.subscribe.get&v=2.0&app_key=1012306090&format=json&partner_id=top-sdk-net-20120801&timestamp=2012-08-02+12%3a24%3a29&sign=E8A57F571218BBB3685F801C104E0ACC
{"error_response":{"code":15,"msg":"Remote service error","sub_code":"isp.top-remote-connection-error"}}
2012-08-02 12:28:20 WARN: http://gw.api.tbsandbox.com/router/rest?article_code=ts-12485&nick=sandbox_c_1&method=taobao.vas.subscribe.get&v=2.0&app_key=1012306090&format=json&partner_id=top-sdk-net-20120801&timestamp=2012-08-02+12%3a28%3a20&sign=DB437D6C021A0D71604F2406A7195781
{"error_response":{"code":15,"msg":"Remote service error","sub_code":"isp.top-remote-connection-error"}}
2012-08-02 12:35:45 WARN: http://gw.api.tbsandbox.com/router/rest?article_code=ts-12485&nick=sandbox_c_1&method=taobao.vas.subscribe.get&v=2.0&app_key=1012306090&format=json&partner_id=top-sdk-net-20120801&timestamp=2012-08-02+12%3a35%3a45&sign=C98B23D72D781C596578B397657875A7
{"error_response":{"code":15,"msg":"Remote service error","sub_code":"isp.top-remote-connection-error"}}
2012-08-02 12:35:49 WARN: http://gw.api.tbsandbox.com/router/rest?fields=num_iid%2ctitle%2cnick%2cpic_url%2ccid%2cprice%2ctype%2cdelist_time%2cpost_fee%2cscore%2cvolume%2cdetailurl&order_by=delist_time%3adesc&page_no=1&page_size=10&method=taobao.items.onsale.get&v=2.0&app_key=1012306090&format=json&partner_id=top-sdk-net-20120801&timestamp=2012-08-02+12%3a35%3a49&session=6101c0521ccaa1fb95c78365b6bda28e1173cd6b3cc3b002074082786&sign=ADDE25A845EEC77A179DBCDCA1D449F8
{"error_response":{"code":7,"msg":"App Call Limited","sub_code":"accesscontrol.limited-by-nick-access-count","sub_msg":"This ban will last for 1 more seconds"}}
{"error":"applications over the unaudited use restrictions!","error_code":21321,"request":"/2/users/show.json"}
{"error":"invalid_grant","error_code":21325,"request":"/oauth2/access_token","error_uri":"/oauth2/access_token","error_description":"invalid authorization code:null"}
2012-08-02 12:39:33 WARN: http://gw.api.tbsandbox.com/router/rest?article_code=ts-12485&nick=sandbox_c_1&method=taobao.vas.subscribe.get&v=2.0&app_key=1012306090&format=json&partner_id=top-sdk-net-20120801&timestamp=2012-08-02+12%3a39%3a32&sign=EA1C1BBACD5071A8373597BEB5DCBAEC
{"error_response":{"code":15,"msg":"Remote service error","sub_code":"isp.top-remote-connection-error"}}
2012-08-02 13:21:30 WARN: http://gw.api.tbsandbox.com/router/rest?fields=user_id%2cnick&method=taobao.user.get&v=2.0&app_key=1012306090&format=json&partner_id=top-sdk-net-20120801&timestamp=2012-08-02+13%3a21%3a30&session=6100715241e193cbea6c8f31528093c7f4266885ffaf6522074082786&sign=BAB7A07C2B2C76C81E5A3DC80C68A331
{"error_response":{"code":53,"msg":"Insufficient security level:R1 security authorize invalid","sub_code":"isv.r1-security-authorize-invalid"}}
2012-08-02 13:22:22 WARN: http://gw.api.tbsandbox.com/router/rest?article_code=ts-12485&nick=sandbox_c_1&method=taobao.vas.subscribe.get&v=2.0&app_key=1012306090&format=json&partner_id=top-sdk-net-20120801&timestamp=2012-08-02+13%3a22%3a21&sign=1FBF0227479EDA00BE5A3F7E370D4E57
{"error_response":{"code":15,"msg":"Remote service error","sub_code":"isp.top-remote-connection-error"}}
2012-08-02 13:23:35 WARN: http://gw.api.tbsandbox.com/router/rest?article_code=ts-12485&nick=sandbox_c_1&method=taobao.vas.subscribe.get&v=2.0&app_key=1012306090&format=json&partner_id=top-sdk-net-20120801&timestamp=2012-08-02+13%3a23%3a34&sign=7A8828861D499B67A6EA06BB16CC5429
{"error_response":{"code":15,"msg":"Remote service error","sub_code":"isp.top-remote-connection-error"}}
2012-08-02 13:24:30 WARN: http://gw.api.tbsandbox.com/router/rest?article_code=ts-12485&nick=sandbox_c_1&method=taobao.vas.subscribe.get&v=2.0&app_key=1012306090&format=json&partner_id=top-sdk-net-20120801&timestamp=2012-08-02+13%3a24%3a30&sign=87DEAEE5C6C382FD782826DF9F778B6F
{"error_response":{"code":15,"msg":"Remote service error","sub_code":"isp.top-remote-connection-error"}}
2012-08-02 13:24:33 WARN: http://gw.api.tbsandbox.com/router/rest?fields=num_iid%2ctitle%2cnick%2cpic_url%2ccid%2cprice%2ctype%2cdelist_time%2cpost_fee%2cscore%2cvolume%2cdetailurl&order_by=delist_time%3adesc&page_no=1&page_size=10&method=taobao.items.onsale.get&v=2.0&app_key=1012306090&format=json&partner_id=top-sdk-net-20120801&timestamp=2012-08-02+13%3a24%3a33&session=6100b2962ef3683727808107bf553aa228b1911e28e92e62074082786&sign=49DC75AC82A23DD041CEC757D7D868C2
{"error_response":{"code":7,"msg":"App Call Limited","sub_code":"accesscontrol.limited-by-nick-access-count","sub_msg":"This ban will last for 1 more seconds"}}
2012-08-02 13:25:42 WARN: http://gw.api.tbsandbox.com/router/rest?fields=num_iid%2ctitle%2cnick%2cpic_url%2ccid%2cprice%2ctype%2cdelist_time%2cpost_fee%2cscore%2cvolume%2cdetailurl&order_by=delist_time%3adesc&page_no=1&page_size=10&method=taobao.items.onsale.get&v=2.0&app_key=1012306090&format=json&partner_id=top-sdk-net-20120801&timestamp=2012-08-02+13%3a25%3a42&session=6100b2962ef3683727808107bf553aa228b1911e28e92e62074082786&sign=315775B5762AAA98DD7DE310AF11B1A2
{"error_response":{"code":7,"msg":"App Call Limited","sub_code":"accesscontrol.limited-by-nick-access-count","sub_msg":"This ban will last for 2 more seconds"}}
2012-08-02 14:12:44 WARN: http://gw.api.tbsandbox.com/router/rest?article_code=ts-12485&nick=sandbox_c_1&method=taobao.vas.subscribe.get&v=2.0&app_key=1012306090&format=json&partner_id=top-sdk-net-20120801&timestamp=2012-08-02+14%3a12%3a44&sign=BC4D800ECD91ADE2F66CB8FB1AB5D349
{"error_response":{"code":15,"msg":"Remote service error","sub_code":"isp.top-remote-connection-error"}}
{"error":"applications over the unaudited use restrictions!","error_code":21321,"request":"/2/users/show.json"}
{"error":"invalid_grant","error_code":21325,"request":"/oauth2/access_token","error_uri":"/oauth2/access_token","error_description":"invalid authorization code:98bca9cf8b52f036bfcd7284cc44f584"}
{"error":"invalid_grant","error_code":21325,"request":"/oauth2/access_token","error_uri":"/oauth2/access_token","error_description":"invalid authorization code:98bca9cf8b52f036bfcd7284cc44f584"}
2012-08-02 14:16:16 WARN: http://gw.api.tbsandbox.com/router/rest?article_code=ts-12485&nick=sandbox_c_1&method=taobao.vas.subscribe.get&v=2.0&app_key=1012306090&format=json&partner_id=top-sdk-net-20120801&timestamp=2012-08-02+14%3a16%3a16&sign=8EFC4562CAB64DB7E1B20AA0FDE0ABFC
{"error_response":{"code":15,"msg":"Remote service error","sub_code":"isp.top-remote-connection-error"}}
2012-08-02 17:13:34 WARN: http://gw.api.tbsandbox.com/router/rest?article_code=ts-12485&nick=sandbox_c_1&method=taobao.vas.subscribe.get&v=2.0&app_key=1012306090&format=json&partner_id=top-sdk-net-20120801&timestamp=2012-08-02+17%3a13%3a34&sign=C8B5D79AC82CA16872B7F3C551A06282
{"error_response":{"code":15,"msg":"Remote service error","sub_code":"isp.top-remote-connection-error"}}
2012-08-02 17:14:35 WARN: http://gw.api.tbsandbox.com/router/rest?article_code=ts-12485&nick=sandbox_c_1&method=taobao.vas.subscribe.get&v=2.0&app_key=1012306090&format=json&partner_id=top-sdk-net-20120801&timestamp=2012-08-02+17%3a14%3a35&sign=E2B6CE5DD89A5D83AAA455280D8E4EA8
{"error_response":{"code":15,"msg":"Remote service error","sub_code":"isp.top-remote-connection-error"}}
2012-08-02 17:15:22 WARN: http://gw.api.tbsandbox.com/router/rest?article_code=ts-12485&nick=sandbox_c_1&method=taobao.vas.subscribe.get&v=2.0&app_key=1012306090&format=json&partner_id=top-sdk-net-20120801&timestamp=2012-08-02+17%3a15%3a21&sign=D68EDA7F395ECEDA027A63A45FD98591
{"error_response":{"code":15,"msg":"Remote service error","sub_code":"isp.top-remote-connection-error"}}
2012-08-02 17:15:29 WARN: http://gw.api.tbsandbox.com/router/rest?article_code=ts-12485&nick=sandbox_c_1&method=taobao.vas.subscribe.get&v=2.0&app_key=1012306090&format=json&partner_id=top-sdk-net-20120801&timestamp=2012-08-02+17%3a15%3a29&sign=F17255F3FD7A46C2A693C6EDC36B3DDA
{"error_response":{"code":15,"msg":"Remote service error","sub_code":"isp.top-remote-connection-error"}}
2012-08-02 17:16:45 WARN: http://gw.api.tbsandbox.com/router/rest?article_code=ts-12485&nick=sandbox_c_1&method=taobao.vas.subscribe.get&v=2.0&app_key=1012306090&format=json&partner_id=top-sdk-net-20120801&timestamp=2012-08-02+17%3a16%3a45&sign=DC741CA71E0CA02014DC2BADC289CBFC
{"error_response":{"code":15,"msg":"Remote service error","sub_code":"isp.top-remote-connection-error"}}
2012-08-02 17:17:21 WARN: http://gw.api.tbsandbox.com/router/rest?article_code=ts-12485&nick=sandbox_c_1&method=taobao.vas.subscribe.get&v=2.0&app_key=1012306090&format=json&partner_id=top-sdk-net-20120801&timestamp=2012-08-02+17%3a17%3a21&sign=3730074D54ABB51F626B17D7EEE3CC93
{"error_response":{"code":15,"msg":"Remote service error","sub_code":"isp.top-remote-connection-error"}}
2012-08-02 17:17:29 WARN: http://gw.api.tbsandbox.com/router/rest?article_code=ts-12485&nick=sandbox_c_1&method=taobao.vas.subscribe.get&v=2.0&app_key=1012306090&format=json&partner_id=top-sdk-net-20120801&timestamp=2012-08-02+17%3a17%3a29&sign=8FDE58417E5AEC519FF46D4208F14FB0
{"error_response":{"code":15,"msg":"Remote service error","sub_code":"isp.top-remote-connection-error"}}
2012-08-02 17:18:47 WARN: http://gw.api.tbsandbox.com/router/rest?article_code=ts-12485&nick=sandbox_c_1&method=taobao.vas.subscribe.get&v=2.0&app_key=1012306090&format=json&partner_id=top-sdk-net-20120801&timestamp=2012-08-02+17%3a18%3a47&sign=5C05894FFCABB89EAC9B75D2EE5D0B52
{"error_response":{"code":15,"msg":"Remote service error","sub_code":"isp.top-remote-connection-error"}}
2012-08-02 17:19:39 WARN: http://gw.api.tbsandbox.com/router/rest?article_code=ts-12485&nick=sandbox_c_1&method=taobao.vas.subscribe.get&v=2.0&app_key=1012306090&format=json&partner_id=top-sdk-net-20120801&timestamp=2012-08-02+17%3a19%3a39&sign=17FD3295E0C1B4F883C02002B15CDC6A
{"error_response":{"code":15,"msg":"Remote service error","sub_code":"isp.top-remote-connection-error"}}
2012-08-02 17:27:52 WARN: http://gw.api.tbsandbox.com/router/rest?article_code=ts-12485&nick=sandbox_c_1&method=taobao.vas.subscribe.get&v=2.0&app_key=1012306090&format=json&partner_id=top-sdk-net-20120801&timestamp=2012-08-02+17%3a27%3a51&sign=CA97B830C01A7E0B341A818653EA600A
{"error_response":{"code":15,"msg":"Remote service error","sub_code":"isp.top-remote-connection-error"}}
2012-08-02 17:29:38 WARN: http://gw.api.tbsandbox.com/router/rest?article_code=ts-12485&nick=sandbox_c_1&method=taobao.vas.subscribe.get&v=2.0&app_key=1012306090&format=json&partner_id=top-sdk-net-20120801&timestamp=2012-08-02+17%3a29%3a37&sign=E7E64AD211EF4DCDA74E64F770274272
{"error_response":{"code":15,"msg":"Remote service error","sub_code":"isp.top-remote-connection-error"}}
{"error":"applications over the unaudited use restrictions!","error_code":21321,"request":"/2/users/show.json"}
{"error":"invalid_grant","error_code":21325,"request":"/oauth2/access_token","error_uri":"/oauth2/access_token","error_description":"invalid authorization code:a76447ba74f61ab19106386325d9e1f0"}
2012-08-02 17:36:31 WARN: http://gw.api.tbsandbox.com/router/rest?article_code=ts-12485&nick=sandbox_c_1&method=taobao.vas.subscribe.get&v=2.0&app_key=1012306090&format=json&partner_id=top-sdk-net-20120801&timestamp=2012-08-02+17%3a36%3a31&sign=93D89A486B5CC6466CFBF12AD2682C6F
{"error_response":{"code":15,"msg":"Remote service error","sub_code":"isp.top-remote-connection-error"}}
2012-08-02 17:38:00 WARN: http://gw.api.tbsandbox.com/router/rest?article_code=ts-12485&nick=sandbox_c_1&method=taobao.vas.subscribe.get&v=2.0&app_key=1012306090&format=json&partner_id=top-sdk-net-20120801&timestamp=2012-08-02+17%3a38%3a00&sign=2D6FF70648FF1C858B66AA36EB8A3043
{"error_response":{"code":15,"msg":"Remote service error","sub_code":"isp.top-remote-connection-error"}}
2012-08-02 17:38:30 WARN: http://gw.api.tbsandbox.com/router/rest?article_code=ts-12485&nick=sandbox_c_1&method=taobao.vas.subscribe.get&v=2.0&app_key=1012306090&format=json&partner_id=top-sdk-net-20120801&timestamp=2012-08-02+17%3a38%3a30&sign=8F913DBA894C5822007AB668F85A8AE2
{"error_response":{"code":15,"msg":"Remote service error","sub_code":"isp.top-remote-connection-error"}}
2012-08-03 09:32:43 WARN: http://gw.api.tbsandbox.com/router/rest?article_code=ts-12485&nick=sandbox_c_1&method=taobao.vas.subscribe.get&v=2.0&app_key=1012306090&format=json&partner_id=top-sdk-net-20120801&timestamp=2012-08-03+09%3a32%3a42&sign=513D5519B8F567150CDA64692850D90A
{"error_response":{"code":15,"msg":"Remote service error","sub_code":"isp.top-remote-connection-error"}}
2012-08-03 09:33:09 WARN: http://gw.api.tbsandbox.com/router/rest?article_code=ts-12485&nick=sandbox_c_1&method=taobao.vas.subscribe.get&v=2.0&app_key=1012306090&format=json&partner_id=top-sdk-net-20120801&timestamp=2012-08-03+09%3a33%3a08&sign=1A8A060A5E19D20CC862B09C3F585106
{"error_response":{"code":15,"msg":"Remote service error","sub_code":"isp.top-remote-connection-error"}}
2012-08-03 09:44:28 WARN: http://gw.api.tbsandbox.com/router/rest?article_code=ts-12485&nick=sandbox_c_1&method=taobao.vas.subscribe.get&v=2.0&app_key=1012306090&format=json&partner_id=top-sdk-net-20120801&timestamp=2012-08-03+09%3a44%3a28&sign=47ECDC28BFA9776D4FBD8F63D020C4DC
{"error_response":{"code":15,"msg":"Remote service error","sub_code":"isp.top-remote-connection-error"}}
2012-08-03 09:47:47 WARN: http://gw.api.tbsandbox.com/router/rest?article_code=ts-12485&nick=sandbox_c_1&method=taobao.vas.subscribe.get&v=2.0&app_key=1012306090&format=json&partner_id=top-sdk-net-20120801&timestamp=2012-08-03+09%3a47%3a47&sign=C1AE8BB0B4353EDD5CD695A9E13EEDD0
{"error_response":{"code":15,"msg":"Remote service error","sub_code":"isp.top-remote-connection-error"}}
{"error":" Text too long, please input text less than 140 characters!","error_code":20012,"request":"/2/statuses/upload.json"}
{"error":" Text too long, please input text less than 140 characters!","error_code":20012,"request":"/2/statuses/upload.json"}
2012-08-03 09:50:52 WARN: http://gw.api.tbsandbox.com/router/rest?article_code=ts-12485&nick=sandbox_c_1&method=taobao.vas.subscribe.get&v=2.0&app_key=1012306090&format=json&partner_id=top-sdk-net-20120801&timestamp=2012-08-03+09%3a50%3a52&sign=64ED423DDC8C745CAA521FB72F37139B
{"error_response":{"code":15,"msg":"Remote service error","sub_code":"isp.top-remote-connection-error"}}
{"error":" Text too long, please input text less than 140 characters!","error_code":20012,"request":"/2/statuses/upload.json"}
{"error":" Text too long, please input text less than 140 characters!","error_code":20012,"request":"/2/statuses/upload.json"}
{"error":" Text too long, please input text less than 140 characters!","error_code":20012,"request":"/2/statuses/upload.json"}
{"error":" Text too long, please input text less than 140 characters!","error_code":20012,"request":"/2/statuses/upload.json"}
{"error":"account is locked.","error_code":20034,"request":"/2/statuses/upload.json"}
{"error":"applications over the unaudited use restrictions!","error_code":21321,"request":"/2/users/show.json"}
2012-08-03 10:07:08 WARN: http://gw.api.tbsandbox.com/router/rest?article_code=ts-12485&nick=sandbox_c_1&method=taobao.vas.subscribe.get&v=2.0&app_key=1012306090&format=json&partner_id=top-sdk-net-20120801&timestamp=2012-08-03+10%3a07%3a08&sign=61285796CEE90280A581D67D1B0907BE
{"error_response":{"code":15,"msg":"Remote service error","sub_code":"isp.top-remote-connection-error"}}
{"error":" Text too long, please input text less than 140 characters!","error_code":20012,"request":"/2/statuses/upload.json"}
{"error":" Text too long, please input text less than 140 characters!","error_code":20012,"request":"/2/statuses/upload.json"}
2012-08-03 13:08:08 WARN: http://gw.api.tbsandbox.com/router/rest?article_code=ts-12485&nick=sandbox_c_1&method=taobao.vas.subscribe.get&v=2.0&app_key=1012306090&format=json&partner_id=top-sdk-net-20120801&timestamp=2012-08-03+13%3a08%3a08&sign=160ED98213DEC8D8977EB5A80032F735
{"error_response":{"code":15,"msg":"Remote service error","sub_code":"isp.top-remote-connection-error"}}
{"error":" Text too long, please input text less than 140 characters!","error_code":20012,"request":"/2/statuses/upload.json"}
2012-08-03 13:10:26 WARN: http://gw.api.tbsandbox.com/router/rest?article_code=ts-12485&nick=sandbox_c_1&method=taobao.vas.subscribe.get&v=2.0&app_key=1012306090&format=json&partner_id=top-sdk-net-20120801&timestamp=2012-08-03+13%3a10%3a26&sign=99B1DC7CCAC3068E4965E1A842EF968E
{"error_response":{"code":15,"msg":"Remote service error","sub_code":"isp.top-remote-connection-error"}}
2012-08-03 13:14:32 WARN: http://gw.api.tbsandbox.com/router/rest?article_code=ts-12485&nick=sandbox_c_1&method=taobao.vas.subscribe.get&v=2.0&app_key=1012306090&format=json&partner_id=top-sdk-net-20120801&timestamp=2012-08-03+13%3a14%3a32&sign=A5065839636B44C7B4EAC38B5D060147
{"error_response":{"code":15,"msg":"Remote service error","sub_code":"isp.top-remote-connection-error"}}
2012-08-03 13:37:59 WARN: http://gw.api.tbsandbox.com/router/rest?article_code=ts-12485&nick=sandbox_c_1&method=taobao.vas.subscribe.get&v=2.0&app_key=1012306090&format=json&partner_id=top-sdk-net-20120801&timestamp=2012-08-03+13%3a37%3a59&sign=F7A2AF9D700374A619BAB9E24A0A75DD
{"error_response":{"code":15,"msg":"Remote service error","sub_code":"isp.top-remote-connection-error"}}
2012-08-03 13:40:11 WARN: http://gw.api.tbsandbox.com/router/rest?article_code=ts-12485&nick=sandbox_c_1&method=taobao.vas.subscribe.get&v=2.0&app_key=1012306090&format=json&partner_id=top-sdk-net-20120801&timestamp=2012-08-03+13%3a40%3a11&sign=9FE683E64BB3CD24AB2777476BE29774
{"error_response":{"code":15,"msg":"Remote service error","sub_code":"isp.top-remote-connection-error"}}
2012-08-03 13:43:55 WARN: http://gw.api.tbsandbox.com/router/rest?article_code=ts-12485&nick=sandbox_c_1&method=taobao.vas.subscribe.get&v=2.0&app_key=1012306090&format=json&partner_id=top-sdk-net-20120801&timestamp=2012-08-03+13%3a43%3a55&sign=AACC59E5850BE88D55666653F0F8893A
{"error_response":{"code":15,"msg":"Remote service error","sub_code":"isp.top-remote-connection-error"}}
2012-08-03 13:46:02 WARN: http://gw.api.tbsandbox.com/router/rest?article_code=ts-12485&nick=sandbox_c_1&method=taobao.vas.subscribe.get&v=2.0&app_key=1012306090&format=json&partner_id=top-sdk-net-20120801&timestamp=2012-08-03+13%3a46%3a01&sign=68A0BA13AABDC6E777F06FD95C9DA2C8
{"error_response":{"code":15,"msg":"Remote service error","sub_code":"isp.top-remote-connection-error"}}
2012-08-03 13:50:03 WARN: http://gw.api.tbsandbox.com/router/rest?article_code=ts-12485&nick=sandbox_c_1&method=taobao.vas.subscribe.get&v=2.0&app_key=1012306090&format=json&partner_id=top-sdk-net-20120801&timestamp=2012-08-03+13%3a50%3a03&sign=EC276527104AF7FEEEE64F5337505498
{"error_response":{"code":15,"msg":"Remote service error","sub_code":"isp.top-remote-connection-error"}}
2012-08-03 13:52:00 WARN: http://gw.api.tbsandbox.com/router/rest?article_code=ts-12485&nick=sandbox_c_1&method=taobao.vas.subscribe.get&v=2.0&app_key=1012306090&format=json&partner_id=top-sdk-net-20120801&timestamp=2012-08-03+13%3a52%3a00&sign=D6A201F3E5E79EF749A55338E6B888DA
{"error_response":{"code":15,"msg":"Remote service error","sub_code":"isp.top-remote-connection-error"}}
2012-08-03 14:03:58 WARN: http://gw.api.tbsandbox.com/router/rest?article_code=ts-12485&nick=sandbox_c_1&method=taobao.vas.subscribe.get&v=2.0&app_key=1012306090&format=json&partner_id=top-sdk-net-20120801&timestamp=2012-08-03+14%3a03%3a58&sign=DA7F56BF880ACD23EB86FBF62B0A1DEE
{"error_response":{"code":15,"msg":"Remote service error","sub_code":"isp.top-remote-connection-error"}}
2012-08-03 14:32:48 WARN: http://gw.api.tbsandbox.com/router/rest?article_code=ts-12485&nick=sandbox_c_1&method=taobao.vas.subscribe.get&v=2.0&app_key=1012306090&format=json&partner_id=top-sdk-net-20120801&timestamp=2012-08-03+14%3a32%3a48&sign=6A3F03B4E69D96F5A3FB00E3BEB6486A
{"error_response":{"code":15,"msg":"Remote service error","sub_code":"isp.top-remote-connection-error"}}
2012-08-03 14:34:39 WARN: http://gw.api.tbsandbox.com/router/rest?article_code=ts-12485&nick=sandbox_c_1&method=taobao.vas.subscribe.get&v=2.0&app_key=1012306090&format=json&partner_id=top-sdk-net-20120801&timestamp=2012-08-03+14%3a34%3a39&sign=E6BD99804518F34909E67AFA4BDED779
{"error_response":{"code":15,"msg":"Remote service error","sub_code":"isp.top-remote-connection-error"}}
2012-08-03 14:48:06 WARN: http://gw.api.tbsandbox.com/router/rest?article_code=ts-12485&nick=sandbox_c_1&method=taobao.vas.subscribe.get&v=2.0&app_key=1012306090&format=json&partner_id=top-sdk-net-20120801&timestamp=2012-08-03+14%3a48%3a06&sign=7FF54286C4D5DC05E0368A52D39350AF
{"error_response":{"code":15,"msg":"Remote service error","sub_code":"isp.top-remote-connection-error"}}
2012-08-03 14:48:52 WARN: http://gw.api.tbsandbox.com/router/rest?article_code=ts-12485&nick=sandbox_c_1&method=taobao.vas.subscribe.get&v=2.0&app_key=1012306090&format=json&partner_id=top-sdk-net-20120801&timestamp=2012-08-03+14%3a48%3a52&sign=C07BC17DD59FD1E0EAB656FB3A542D3A
{"error_response":{"code":15,"msg":"Remote service error","sub_code":"isp.top-remote-connection-error"}}
2012-08-03 14:49:32 WARN: http://gw.api.tbsandbox.com/router/rest?article_code=ts-12485&nick=sandbox_c_1&method=taobao.vas.subscribe.get&v=2.0&app_key=1012306090&format=json&partner_id=top-sdk-net-20120801&timestamp=2012-08-03+14%3a49%3a31&sign=B648493E263C2558CE37D64AF3B30430
{"error_response":{"code":15,"msg":"Remote service error","sub_code":"isp.top-remote-connection-error"}}
2012-08-03 14:49:53 ERROR: 
   在 System.Uri.CreateThis(String uri, Boolean dontEscape, UriKind uriKind)
   在 System.Uri..ctor(String uriString)
   在 System.Net.WebRequest.Create(String requestUriString)
   在 Top.Api.Util.WebUtils.GetWebRequest(String url, String method) 位置 E:\my\taobao-app-project-8-2\taobao-sdk-net\Util\WebUtils.cs:行号 153
   在 Top.Api.Util.WebUtils.DoPost(String url, IDictionary`2 parameters) 位置 E:\my\taobao-app-project-8-2\taobao-sdk-net\Util\WebUtils.cs:行号 38
   在 Top.Api.DefaultTopClient.DoExecute[T](ITopRequest`1 request, String session, DateTime timestamp) 位置 E:\my\taobao-app-project-8-2\taobao-sdk-net\DefaultTopClient.cs:行号 153
   在 Top.Api.DefaultTopClient.Execute[T](ITopRequest`1 request, String session, DateTime timestamp) 位置 E:\my\taobao-app-project-8-2\taobao-sdk-net\DefaultTopClient.cs:行号 105
2012-08-03 14:53:47 WARN: http://gw.api.tbsandbox.com/router/rest?article_code=ts-12485&nick=sandbox_c_1&method=taobao.vas.subscribe.get&v=2.0&app_key=1012306090&format=json&partner_id=top-sdk-net-20120801&timestamp=2012-08-03+14%3a53%3a47&sign=82E0AC8D3D08603A4D568642D9A08E53
{"error_response":{"code":15,"msg":"Remote service error","sub_code":"isp.top-remote-connection-error"}}
2012-08-03 14:54:21 ERROR: 
   在 System.Uri.CreateThis(String uri, Boolean dontEscape, UriKind uriKind)
   在 System.Uri..ctor(String uriString)
   在 System.Net.WebRequest.Create(String requestUriString)
   在 Top.Api.Util.WebUtils.GetWebRequest(String url, String method) 位置 E:\my\taobao-app-project-8-2\taobao-sdk-net\Util\WebUtils.cs:行号 153
   在 Top.Api.Util.WebUtils.DoPost(String url, IDictionary`2 parameters) 位置 E:\my\taobao-app-project-8-2\taobao-sdk-net\Util\WebUtils.cs:行号 38
   在 Top.Api.DefaultTopClient.DoExecute[T](ITopRequest`1 request, String session, DateTime timestamp) 位置 E:\my\taobao-app-project-8-2\taobao-sdk-net\DefaultTopClient.cs:行号 153
   在 Top.Api.DefaultTopClient.Execute[T](ITopRequest`1 request, String session, DateTime timestamp) 位置 E:\my\taobao-app-project-8-2\taobao-sdk-net\DefaultTopClient.cs:行号 105
2012-08-03 14:54:28 ERROR: 
   在 System.Uri.CreateThis(String uri, Boolean dontEscape, UriKind uriKind)
   在 System.Uri..ctor(String uriString)
   在 System.Net.WebRequest.Create(String requestUriString)
   在 Top.Api.Util.WebUtils.GetWebRequest(String url, String method) 位置 E:\my\taobao-app-project-8-2\taobao-sdk-net\Util\WebUtils.cs:行号 153
   在 Top.Api.Util.WebUtils.DoPost(String url, IDictionary`2 parameters) 位置 E:\my\taobao-app-project-8-2\taobao-sdk-net\Util\WebUtils.cs:行号 38
   在 Top.Api.DefaultTopClient.DoExecute[T](ITopRequest`1 request, String session, DateTime timestamp) 位置 E:\my\taobao-app-project-8-2\taobao-sdk-net\DefaultTopClient.cs:行号 153
   在 Top.Api.DefaultTopClient.Execute[T](ITopRequest`1 request, String session, DateTime timestamp) 位置 E:\my\taobao-app-project-8-2\taobao-sdk-net\DefaultTopClient.cs:行号 105
2012-08-03 14:54:42 ERROR: 
   在 System.Uri.CreateThis(String uri, Boolean dontEscape, UriKind uriKind)
   在 System.Uri..ctor(String uriString)
   在 System.Net.WebRequest.Create(String requestUriString)
   在 Top.Api.Util.WebUtils.GetWebRequest(String url, String method) 位置 E:\my\taobao-app-project-8-2\taobao-sdk-net\Util\WebUtils.cs:行号 153
   在 Top.Api.Util.WebUtils.DoPost(String url, IDictionary`2 parameters) 位置 E:\my\taobao-app-project-8-2\taobao-sdk-net\Util\WebUtils.cs:行号 38
   在 Top.Api.DefaultTopClient.DoExecute[T](ITopRequest`1 request, String session, DateTime timestamp) 位置 E:\my\taobao-app-project-8-2\taobao-sdk-net\DefaultTopClient.cs:行号 153
   在 Top.Api.DefaultTopClient.Execute[T](ITopRequest`1 request, String session, DateTime timestamp) 位置 E:\my\taobao-app-project-8-2\taobao-sdk-net\DefaultTopClient.cs:行号 105
2012-08-03 14:55:28 WARN: http://gw.api.tbsandbox.com/router/rest?article_code=ts-12485&nick=sandbox_c_1&method=taobao.vas.subscribe.get&v=2.0&app_key=1012306090&format=json&partner_id=top-sdk-net-20120801&timestamp=2012-08-03+14%3a55%3a28&sign=931177D59924D094582F94E2CE4F8AD1
{"error_response":{"code":15,"msg":"Remote service error","sub_code":"isp.top-remote-connection-error"}}
2012-08-03 14:56:21 ERROR: 
   在 System.Uri.CreateThis(String uri, Boolean dontEscape, UriKind uriKind)
   在 System.Uri..ctor(String uriString)
   在 System.Net.WebRequest.Create(String requestUriString)
   在 Top.Api.Util.WebUtils.GetWebRequest(String url, String method) 位置 E:\my\taobao-app-project-8-2\taobao-sdk-net\Util\WebUtils.cs:行号 153
   在 Top.Api.Util.WebUtils.DoPost(String url, IDictionary`2 parameters) 位置 E:\my\taobao-app-project-8-2\taobao-sdk-net\Util\WebUtils.cs:行号 38
   在 Top.Api.DefaultTopClient.DoExecute[T](ITopRequest`1 request, String session, DateTime timestamp) 位置 E:\my\taobao-app-project-8-2\taobao-sdk-net\DefaultTopClient.cs:行号 153
   在 Top.Api.DefaultTopClient.Execute[T](ITopRequest`1 request, String session, DateTime timestamp) 位置 E:\my\taobao-app-project-8-2\taobao-sdk-net\DefaultTopClient.cs:行号 105
2012-08-03 14:57:23 ERROR: 
   在 System.Uri.CreateThis(String uri, Boolean dontEscape, UriKind uriKind)
   在 System.Uri..ctor(String uriString)
   在 System.Net.WebRequest.Create(String requestUriString)
   在 Top.Api.Util.WebUtils.GetWebRequest(String url, String method) 位置 E:\my\taobao-app-project-8-2\taobao-sdk-net\Util\WebUtils.cs:行号 153
   在 Top.Api.Util.WebUtils.DoPost(String url, IDictionary`2 parameters) 位置 E:\my\taobao-app-project-8-2\taobao-sdk-net\Util\WebUtils.cs:行号 38
   在 Top.Api.DefaultTopClient.DoExecute[T](ITopRequest`1 request, String session, DateTime timestamp) 位置 E:\my\taobao-app-project-8-2\taobao-sdk-net\DefaultTopClient.cs:行号 153
   在 Top.Api.DefaultTopClient.Execute[T](ITopRequest`1 request, String session, DateTime timestamp) 位置 E:\my\taobao-app-project-8-2\taobao-sdk-net\DefaultTopClient.cs:行号 105
2012-08-03 14:58:41 ERROR: 
   在 System.Uri.CreateThis(String uri, Boolean dontEscape, UriKind uriKind)
   在 System.Uri..ctor(String uriString)
   在 System.Net.WebRequest.Create(String requestUriString)
   在 Top.Api.Util.WebUtils.GetWebRequest(String url, String method) 位置 E:\my\taobao-app-project-8-2\taobao-sdk-net\Util\WebUtils.cs:行号 153
   在 Top.Api.Util.WebUtils.DoPost(String url, IDictionary`2 parameters) 位置 E:\my\taobao-app-project-8-2\taobao-sdk-net\Util\WebUtils.cs:行号 38
   在 Top.Api.DefaultTopClient.DoExecute[T](ITopRequest`1 request, String session, DateTime timestamp) 位置 E:\my\taobao-app-project-8-2\taobao-sdk-net\DefaultTopClient.cs:行号 153
   在 Top.Api.DefaultTopClient.Execute[T](ITopRequest`1 request, String session, DateTime timestamp) 位置 E:\my\taobao-app-project-8-2\taobao-sdk-net\DefaultTopClient.cs:行号 105
2012-08-03 15:00:21 ERROR: 
   在 System.Uri.CreateThis(String uri, Boolean dontEscape, UriKind uriKind)
   在 System.Uri..ctor(String uriString)
   在 System.Net.WebRequest.Create(String requestUriString)
   在 Top.Api.Util.WebUtils.GetWebRequest(String url, String method) 位置 E:\my\taobao-app-project-8-2\taobao-sdk-net\Util\WebUtils.cs:行号 153
   在 Top.Api.Util.WebUtils.DoPost(String url, IDictionary`2 parameters) 位置 E:\my\taobao-app-project-8-2\taobao-sdk-net\Util\WebUtils.cs:行号 38
   在 Top.Api.DefaultTopClient.DoExecute[T](ITopRequest`1 request, String session, DateTime timestamp) 位置 E:\my\taobao-app-project-8-2\taobao-sdk-net\DefaultTopClient.cs:行号 153
   在 Top.Api.DefaultTopClient.Execute[T](ITopRequest`1 request, String session, DateTime timestamp) 位置 E:\my\taobao-app-project-8-2\taobao-sdk-net\DefaultTopClient.cs:行号 105
2012-08-03 15:04:18 WARN: http://gw.api.tbsandbox.com/router/rest?article_code=ts-13815&nick=sandbox_c_1&method=taobao.vas.subscribe.get&v=2.0&app_key=1012339314&format=json&partner_id=top-sdk-net-20120801&timestamp=2012-08-03+15%3a04%3a18&sign=5AA7C8492CB6CCFF21730C9826D5F8DB
{"error_response":{"code":15,"msg":"Remote service error","sub_code":"isp.top-remote-connection-error"}}
2012-08-03 15:04:26 ERROR: 
   在 System.Uri.CreateThis(String uri, Boolean dontEscape, UriKind uriKind)
   在 System.Uri..ctor(String uriString)
   在 System.Net.WebRequest.Create(String requestUriString)
   在 Top.Api.Util.WebUtils.GetWebRequest(String url, String method) 位置 E:\my\taobao-app-project-8-2\taobao-sdk-net\Util\WebUtils.cs:行号 153
   在 Top.Api.Util.WebUtils.DoPost(String url, IDictionary`2 parameters) 位置 E:\my\taobao-app-project-8-2\taobao-sdk-net\Util\WebUtils.cs:行号 38
   在 Top.Api.DefaultTopClient.DoExecute[T](ITopRequest`1 request, String session, DateTime timestamp) 位置 E:\my\taobao-app-project-8-2\taobao-sdk-net\DefaultTopClient.cs:行号 153
   在 Top.Api.DefaultTopClient.Execute[T](ITopRequest`1 request, String session, DateTime timestamp) 位置 E:\my\taobao-app-project-8-2\taobao-sdk-net\DefaultTopClient.cs:行号 105
2012-08-03 15:07:21 WARN: http://gw.api.tbsandbox.com/router/rest?article_code=ts-13815&nick=sandbox_c_1&method=taobao.vas.subscribe.get&v=2.0&app_key=1012339314&format=json&partner_id=top-sdk-net-20120801&timestamp=2012-08-03+15%3a07%3a21&sign=D873ABC319554C1B0FFEAD4728EC37DD
{"error_response":{"code":15,"msg":"Remote service error","sub_code":"isp.top-remote-connection-error"}}
2012-08-03 15:07:25 WARN: http://gw.api.tbsandbox.com/router/rest?fields=tid%2cbuyer_nick%2ctitle%2c+created+%2cpayment%2creceiver_name%2c%0d%0a+++++++++++++receiver_state%2c+receiver_city%2c+receiver_district%2c+receiver_address%2c+%0d%0a+++++++++++++receiver_zip%2c+receiver_mobile%2c+receiver_phone%2cend_time%2c%0d%0a+++++++++++++orders.title%2corders.pic_path%2corders.price%2corders.num_iid&page_no=1&page_size=20&method=taobao.trades.sold.get&v=2.0&app_key=1012339314&format=xml&partner_id=top-sdk-net-20120801&timestamp=2012-08-03+15%3a07%3a24&session=6100705b9eeab129fbf47389ba53701a83e67fbb7eeb5b32074082786&sign=31CFCBF9C23DAE6D7D69DE6972570944
<?xml version="1.0" encoding="utf-8" ?><error_response><code>53</code><msg>Insufficient security level:R2 security authorize invalid</msg><sub_code>isv.r2-security-authorize-invalid</sub_code></error_response><!--vsandbox067146.cm4.tbsite.net-->
2012-08-03 15:08:33 WARN: http://gw.api.tbsandbox.com/router/rest?article_code=ts-13815&nick=sandbox_c_1&method=taobao.vas.subscribe.get&v=2.0&app_key=1012339314&format=json&partner_id=top-sdk-net-20120801&timestamp=2012-08-03+15%3a08%3a33&sign=1EAFCB009CC5A7F1241260AAC1662785
{"error_response":{"code":15,"msg":"Remote service error","sub_code":"isp.top-remote-connection-error"}}
2012-08-03 15:08:36 WARN: http://gw.api.tbsandbox.com/router/rest?fields=tid%2cbuyer_nick%2ctitle%2c+created+%2cpayment%2creceiver_name%2c%0d%0a+++++++++++++receiver_state%2c+receiver_city%2c+receiver_district%2c+receiver_address%2c+%0d%0a+++++++++++++receiver_zip%2c+receiver_mobile%2c+receiver_phone%2cend_time%2c%0d%0a+++++++++++++orders.title%2corders.pic_path%2corders.price%2corders.num_iid&page_no=1&page_size=20&method=taobao.trades.sold.get&v=2.0&app_key=1012339314&format=xml&partner_id=top-sdk-net-20120801&timestamp=2012-08-03+15%3a08%3a36&session=6101201a61cac5081cc7e471128288476cd4b00e071d8152074082786&sign=1EB3E345D2AB83916AC93BCDE6506620
<?xml version="1.0" encoding="utf-8" ?><error_response><code>53</code><msg>Insufficient security level:R2 security authorize invalid</msg><sub_code>isv.r2-security-authorize-invalid</sub_code></error_response><!--vsandbox067145.cm4.tbsite.net-->
2012-08-03 15:10:56 WARN: http://gw.api.tbsandbox.com/router/rest?buyer_nick=shenjinkui1984sand1&fields=tid%2cbuyer_nick%2ctitle%2c+created+%2cpayment%2creceiver_name%2c%0d%0a+++++++++++++receiver_state%2c+receiver_city%2c+receiver_district%2c+receiver_address%2c+%0d%0a+++++++++++++receiver_zip%2c+receiver_mobile%2c+receiver_phone%2cend_time%2c%0d%0a+++++++++++++orders.title%2corders.pic_path%2corders.price%2corders.num_iid&page_no=1&page_size=20&method=taobao.trades.sold.get&v=2.0&app_key=1012339314&format=xml&partner_id=top-sdk-net-20120801&timestamp=2012-08-03+15%3a10%3a56&session=6101201a61cac5081cc7e471128288476cd4b00e071d8152074082786&sign=A7EB54507BF4E766C1C37E6EB2363B62
<?xml version="1.0" encoding="utf-8" ?><error_response><code>53</code><msg>Insufficient security level:R2 security authorize invalid</msg><sub_code>isv.r2-security-authorize-invalid</sub_code></error_response><!--vsandbox067146.cm4.tbsite.net-->
2012-08-03 15:10:59 WARN: http://gw.api.tbsandbox.com/router/rest?buyer_nick=shenjinkui1984sand1&fields=tid%2cbuyer_nick%2ctitle%2c+created+%2cpayment%2creceiver_name%2c%0d%0a+++++++++++++receiver_state%2c+receiver_city%2c+receiver_district%2c+receiver_address%2c+%0d%0a+++++++++++++receiver_zip%2c+receiver_mobile%2c+receiver_phone%2cend_time%2c%0d%0a+++++++++++++orders.title%2corders.pic_path%2corders.price%2corders.num_iid&page_no=1&page_size=20&method=taobao.trades.sold.get&v=2.0&app_key=1012339314&format=xml&partner_id=top-sdk-net-20120801&timestamp=2012-08-03+15%3a10%3a59&session=6101201a61cac5081cc7e471128288476cd4b00e071d8152074082786&sign=2EEAA9F374D5DB6C53CCC455D92CFC27
<?xml version="1.0" encoding="utf-8" ?><error_response><code>53</code><msg>Insufficient security level:R2 security authorize invalid</msg><sub_code>isv.r2-security-authorize-invalid</sub_code></error_response><!--vsandbox067145.cm4.tbsite.net-->
2012-08-03 15:11:35 WARN: http://gw.api.tbsandbox.com/router/rest?article_code=ts-13815&nick=sandbox_c_1&method=taobao.vas.subscribe.get&v=2.0&app_key=1012339314&format=json&partner_id=top-sdk-net-20120801&timestamp=2012-08-03+15%3a11%3a35&sign=8A678592D5A38BD25827FAA0C090565E
{"error_response":{"code":15,"msg":"Remote service error","sub_code":"isp.top-remote-connection-error"}}
2012-08-03 15:11:38 WARN: http://gw.api.tbsandbox.com/router/rest?buyer_nick=sandbox_c_1&fields=tid%2cbuyer_nick%2ctitle%2c+created+%2cpayment%2creceiver_name%2c%0d%0a+++++++++++++receiver_state%2c+receiver_city%2c+receiver_district%2c+receiver_address%2c+%0d%0a+++++++++++++receiver_zip%2c+receiver_mobile%2c+receiver_phone%2cend_time%2c%0d%0a+++++++++++++orders.title%2corders.pic_path%2corders.price%2corders.num_iid&page_no=1&page_size=20&method=taobao.trades.sold.get&v=2.0&app_key=1012339314&format=xml&partner_id=top-sdk-net-20120801&timestamp=2012-08-03+15%3a11%3a38&session=61029161ce4cc3392112406911f2846fceeff3b70d2f97c2074082786&sign=D2E44A3A215E261D32D3914C0ED8DA99
<?xml version="1.0" encoding="utf-8" ?><error_response><code>53</code><msg>Insufficient security level:R2 security authorize invalid</msg><sub_code>isv.r2-security-authorize-invalid</sub_code></error_response><!--vsandbox067145.cm4.tbsite.net-->
2012-08-03 15:12:04 WARN: http://gw.api.tbsandbox.com/router/rest?article_code=ts-13815&nick=sandbox_c_1&method=taobao.vas.subscribe.get&v=2.0&app_key=1012339314&format=json&partner_id=top-sdk-net-20120801&timestamp=2012-08-03+15%3a12%3a04&sign=7BB09EC87A07E5E6399FBC8C2124649E
{"error_response":{"code":15,"msg":"Remote service error","sub_code":"isp.top-remote-connection-error"}}
2012-08-03 15:12:14 WARN: http://gw.api.tbsandbox.com/router/rest?fields=tid%2cbuyer_nick%2ctitle%2c+created+%2cpayment%2creceiver_name%2c%0d%0a+++++++++++++receiver_state%2c+receiver_city%2c+receiver_district%2c+receiver_address%2c+%0d%0a+++++++++++++receiver_zip%2c+receiver_mobile%2c+receiver_phone%2cend_time%2c%0d%0a+++++++++++++orders.title%2corders.pic_path%2corders.price%2corders.num_iid&page_no=1&page_size=20&method=taobao.trades.sold.get&v=2.0&app_key=1012339314&format=xml&partner_id=top-sdk-net-20120801&timestamp=2012-08-03+15%3a12%3a14&session=61008080afb9b8631442c5e731858c68ba609ef3edd92232074082786&sign=59C2DAD399F0AB0A962C4E9CA07073B8
<?xml version="1.0" encoding="utf-8" ?><error_response><code>53</code><msg>Insufficient security level:R2 security authorize invalid</msg><sub_code>isv.r2-security-authorize-invalid</sub_code></error_response><!--vsandbox067146.cm4.tbsite.net-->
2012-08-03 15:16:47 WARN: http://gw.api.tbsandbox.com/router/rest?fields=user_id%2cnick&method=taobao.user.get&v=2.0&app_key=1012339314&format=json&partner_id=top-sdk-net-20120801&timestamp=2012-08-03+15%3a16%3a47&session=6102a093a5dab36aa1e4c8badd72815c6af8debcd11deb62074082786&sign=279AFB0C5D8ADF9857BA95AF3A848D72
{"error_response":{"code":11,"msg":"Insufficient isv permissions","sub_code":"isv.permission-ip-whitelist-limit","sub_msg":"The appkey 1012339314 is only allowed to call from 127.0.0.1, but your ip is 10.232.1.247"}}
2012-08-03 15:17:29 WARN: http://gw.api.tbsandbox.com/router/rest?fields=user_id%2cnick&method=taobao.user.get&v=2.0&app_key=1012339314&format=json&partner_id=top-sdk-net-20120801&timestamp=2012-08-03+15%3a17%3a29&session=6101226a6cc7e471128288476cd4b00e071a4929ef1d8152074082786&sign=E0660A9C5D673079E5A5BC2FDEEADE5A
{"error_response":{"code":11,"msg":"Insufficient isv permissions","sub_code":"isv.permission-ip-whitelist-limit","sub_msg":"The appkey 1012339314 is only allowed to call from 127.0.0.1, but your ip is 10.232.1.247"}}
2012-08-03 15:18:21 WARN: http://gw.api.tbsandbox.com/router/rest?article_code=ts-13815&nick=sandbox_c_1&method=taobao.vas.subscribe.get&v=2.0&app_key=1012339314&format=json&partner_id=top-sdk-net-20120801&timestamp=2012-08-03+15%3a18%3a21&sign=53982AAE3ED4B332CD137B7F2D3EBD53
{"error_response":{"code":11,"msg":"Insufficient isv permissions","sub_code":"isv.permission-ip-whitelist-limit","sub_msg":"The appkey 1012339314 is only allowed to call from 10.232.1.247, but your ip is 10.232.1.248"}}
2012-08-03 15:18:27 WARN: http://gw.api.tbsandbox.com/router/rest?fields=tid%2cbuyer_nick%2ctitle%2c+created+%2cpayment%2creceiver_name%2c%0d%0a+++++++++++++receiver_state%2c+receiver_city%2c+receiver_district%2c+receiver_address%2c+%0d%0a+++++++++++++receiver_zip%2c+receiver_mobile%2c+receiver_phone%2cend_time%2c%0d%0a+++++++++++++orders.title%2corders.pic_path%2corders.price%2corders.num_iid&page_no=1&page_size=20&method=taobao.trades.sold.get&v=2.0&app_key=1012339314&format=xml&partner_id=top-sdk-net-20120801&timestamp=2012-08-03+15%3a18%3a27&session=6100530a28ccf43638692d49524753a8bf8d80152abc56f2074082786&sign=DD9EFAA11CC43B1A8A4BB50A5D9A4BD7
<?xml version="1.0" encoding="utf-8" ?><error_response><code>11</code><msg>Insufficient isv permissions</msg><sub_code>isv.permission-ip-whitelist-limit</sub_code><sub_msg>The appkey 1012339314 is only allowed to call from 10.232.1.247, but your ip is 10.232.1.248</sub_msg></error_response><!--vsandbox067144.cm4.tbsite.net-->
2012-08-03 15:19:57 ERROR: 
   在 System.Uri.CreateThis(String uri, Boolean dontEscape, UriKind uriKind)
   在 System.Uri..ctor(String uriString)
   在 System.Net.WebRequest.Create(String requestUriString)
   在 Top.Api.Util.WebUtils.GetWebRequest(String url, String method) 位置 E:\my\taobao-app-project-8-2\taobao-sdk-net\Util\WebUtils.cs:行号 153
   在 Top.Api.Util.WebUtils.DoPost(String url, IDictionary`2 parameters) 位置 E:\my\taobao-app-project-8-2\taobao-sdk-net\Util\WebUtils.cs:行号 38
   在 Top.Api.DefaultTopClient.DoExecute[T](ITopRequest`1 request, String session, DateTime timestamp) 位置 E:\my\taobao-app-project-8-2\taobao-sdk-net\DefaultTopClient.cs:行号 153
   在 Top.Api.DefaultTopClient.Execute[T](ITopRequest`1 request, String session, DateTime timestamp) 位置 E:\my\taobao-app-project-8-2\taobao-sdk-net\DefaultTopClient.cs:行号 105
2012-08-03 15:21:30 ERROR: 
   在 System.Uri.CreateThis(String uri, Boolean dontEscape, UriKind uriKind)
   在 System.Uri..ctor(String uriString)
   在 System.Net.WebRequest.Create(String requestUriString)
   在 Top.Api.Util.WebUtils.GetWebRequest(String url, String method) 位置 E:\my\taobao-app-project-8-2\taobao-sdk-net\Util\WebUtils.cs:行号 153
   在 Top.Api.Util.WebUtils.DoPost(String url, IDictionary`2 parameters) 位置 E:\my\taobao-app-project-8-2\taobao-sdk-net\Util\WebUtils.cs:行号 38
   在 Top.Api.DefaultTopClient.DoExecute[T](ITopRequest`1 request, String session, DateTime timestamp) 位置 E:\my\taobao-app-project-8-2\taobao-sdk-net\DefaultTopClient.cs:行号 153
   在 Top.Api.DefaultTopClient.Execute[T](ITopRequest`1 request, String session, DateTime timestamp) 位置 E:\my\taobao-app-project-8-2\taobao-sdk-net\DefaultTopClient.cs:行号 105
2012-08-03 15:30:34 WARN: http://gw.api.tbsandbox.com/router/rest?article_code=ts-13815&nick=sandbox_c_1&method=taobao.vas.subscribe.get&v=2.0&app_key=1012339314&format=json&partner_id=top-sdk-net-20120801&timestamp=2012-08-03+15%3a30%3a34&sign=F79E7E3945DEFBAF7EBCD214AAC0D35F
{"error_response":{"code":15,"msg":"Remote service error","sub_code":"isp.top-remote-connection-error"}}
2012-08-03 15:30:42 WARN: http://gw.api.tbsandbox.com/router/rest?fields=tid%2cbuyer_nick%2ctitle%2c+created+%2cpayment%2creceiver_name%2c%0d%0a+++++++++++++receiver_state%2c+receiver_city%2c+receiver_district%2c+receiver_address%2c+%0d%0a+++++++++++++receiver_zip%2c+receiver_mobile%2c+receiver_phone%2cend_time%2c%0d%0a+++++++++++++orders.title%2corders.pic_path%2corders.price%2corders.num_iid&page_no=1&page_size=20&method=taobao.trades.sold.get&v=2.0&app_key=1012339314&format=xml&partner_id=top-sdk-net-20120801&timestamp=2012-08-03+15%3a30%3a41&session=61004227367be746eac1ba289d64eb112380ac06cb069112074082786&sign=450623CD1D92C54E2F1C376F25CD6C61
<?xml version="1.0" encoding="utf-8" ?><error_response><code>11</code><msg>Insufficient isv permissions</msg><sub_code>isv.permission-ip-whitelist-limit</sub_code><sub_msg>The appkey 1012339314 is only allowed to call from 10.232.1.247,10.232.1.248, but your ip is 10.232.1.249</sub_msg></error_response><!--vsandbox067144.cm4.tbsite.net-->
2012-08-03 15:32:35 WARN: http://gw.api.tbsandbox.com/router/rest?article_code=ts-13815&nick=sandbox_c_1&method=taobao.vas.subscribe.get&v=2.0&app_key=1012339314&format=json&partner_id=top-sdk-net-20120801&timestamp=2012-08-03+15%3a32%3a34&sign=241CB06AF02904992C3E7C0D12710057
{"error_response":{"code":15,"msg":"Remote service error","sub_code":"isp.top-remote-connection-error"}}
